This is XeTeX, Version 3.14159265-2.6-0.99992 (TeX Live 2015) (preloaded format=xelatex 2016.1.27)  20 APR 2016 15:34
entering extended mode
 restricted \write18 enabled.
 %&-line parsing enabled.
**formulation.tex -recorder
(./formulation.tex
LaTeX2e <2015/01/01>
Babel <3.9l> and hyphenation patterns for 79 languages loaded.

! LaTeX Error: Missing \begin{document}.

See the LaTeX manual or LaTeX Companion for explanation.
Type  H <return>  for immediate help.
 ...                                              
                                                  
l.1 h
     _{k}^{u}=f\left ( r_{v_{k}^{u}}M+h_{k-1}^{u}W \right )
You're in trouble here.  Try typing  <return>  to proceed.
If that doesn't work, type  X <return>  to quit.

Missing character: There is no h in font nullfont!
! Missing $ inserted.
<inserted text> 
                $
l.1 h_
      {k}^{u}=f\left ( r_{v_{k}^{u}}M+h_{k-1}^{u}W \right )
I've inserted a begin-math/end-math symbol since I think
you left one out. Proceed, with fingers crossed.

LaTeX Font Info:    External font `cmex10' loaded for size
(Font)              <7> on input line 1.
LaTeX Font Info:    External font `cmex10' loaded for size
(Font)              <5> on input line 1.
)
! Emergency stop.
<*> formulation.tex -recorder
                             
*** (job aborted, no legal \end found)

 
Here is how much of TeX's memory you used:
 6 strings out of 493706
 86 string characters out of 6145769
 53323 words of memory out of 5000000
 3448 multiletter control sequences out of 15000+600000
 3640 words of font info for 14 fonts, out of 8000000 for 9000
 1328 hyphenation exceptions out of 8191
 18i,4n,12p,99b,56s stack positions out of 5000i,500n,10000p,200000b,80000s
No pages of output.
